# JRE version: Java(TM) SE Runtime Environment (8.0_121-b13) (build 1.8.0_121-b13)
# Java VM: Java HotSpot(TM) 64-Bit Server VM (25.121-b13 mixed mode linux-amd64 compressed oops)
Heap:
 PSYoungGen      total 104960K, used 23748K [0x0000000781e00000, 0x0000000788c00000, 0x00000007c0000000)
  eden space 97280K, 18% used [0x0000000781e00000,0x0000000782f89998,0x0000000787d00000)
  from space 7680K, 75% used [0x0000000788480000,0x0000000788a27678,0x0000000788c00000)
  to   space 7680K, 0% used [0x0000000787d00000,0x0000000787d00000,0x0000000788480000)
 ParOldGen       total 128512K, used 40K [0x0000000705a00000, 0x000000070d780000, 0x0000000781e00000)
  object space 128512K, 0% used [0x0000000705a00000,0x0000000705a0a000,0x000000070d780000)
 Metaspace       used 18505K, capacity 19822K, committed 20096K, reserved 1067008K
  class space    used 2819K, capacity 3101K, committed 3200K, reserved 1048576K
GC Heap History (8 events):
Event: 7,412 GC heap before
{Heap before GC invocations=1 (full 0):
 PSYoungGen      total 56320K, used 42025K [0x0000000781e00000, 0x0000000785c80000, 0x00000007c0000000)
  eden space 48640K, 86% used [0x0000000781e00000,0x000000078470a778,0x0000000784d80000)
  from space 7680K, 0% used [0x0000000785500000,0x0000000785500000,0x0000000785c80000)
  to   space 7680K, 0% used [0x0000000784d80000,0x0000000784d80000,0x0000000785500000)
 ParOldGen       total 128512K, used 0K [0x0000000705a00000, 0x000000070d780000, 0x0000000781e00000)
  object space 128512K, 0% used [0x0000000705a00000,0x0000000705a00000,0x000000070d780000)
 Metaspace       used 15574K, capacity 16304K, committed 16384K, reserved 1062912K
  class space    used 2309K, capacity 2532K, committed 2560K, reserved 1048576K
Event: 7,432 GC heap after
Heap after GC invocations=1 (full 0):
 PSYoungGen      total 56320K, used 5579K [0x0000000781e00000, 0x0000000785c80000, 0x00000007c0000000)
  eden space 48640K, 0% used [0x0000000781e00000,0x0000000781e00000,0x0000000784d80000)
  from space 7680K, 72% used [0x0000000784d80000,0x00000007852f2e98,0x0000000785500000)
  to   space 7680K, 0% used [0x0000000785500000,0x0000000785500000,0x0000000785c80000)
 ParOldGen       total 128512K, used 8K [0x0000000705a00000, 0x000000070d780000, 0x0000000781e00000)
  object space 128512K, 0% used [0x0000000705a00000,0x0000000705a02000,0x000000070d780000)
 Metaspace       used 15574K, capacity 16304K, committed 16384K, reserved 1062912K
  class space    used 2309K, capacity 2532K, committed 2560K, reserved 1048576K
}
Event: 7,451 GC heap before
{Heap before GC invocations=2 (full 0):
 PSYoungGen      total 56320K, used 47308K [0x0000000781e00000, 0x0000000785c80000, 0x00000007c0000000)
  eden space 48640K, 85% used [0x0000000781e00000,0x00000007846c02f0,0x0000000784d80000)
  from space 7680K, 72% used [0x0000000784d80000,0x00000007852f2e98,0x0000000785500000)
  to   space 7680K, 0% used [0x0000000785500000,0x0000000785500000,0x0000000785c80000)
 ParOldGen       total 128512K, used 8K [0x0000000705a00000, 0x000000070d780000, 0x0000000781e00000)
  object space 128512K, 0% used [0x0000000705a00000,0x0000000705a02000,0x000000070d780000)
 Metaspace       used 15637K, capacity 16374K, committed 16640K, reserved 1062912K
  class space    used 2318K, capacity 2535K, committed 2560K, reserved 1048576K
Event: 7,460 GC heap after
Heap after GC invocations=2 (full 0):
 PSYoungGen      total 56320K, used 5403K [0x0000000781e00000, 0x0000000788c00000, 0x00000007c0000000)
  eden space 48640K, 0% used [0x0000000781e00000,0x0000000781e00000,0x0000000784d80000)
  from space 7680K, 70% used [0x0000000785500000,0x0000000785a46e88,0x0000000785c80000)
  to   space 7680K, 0% used [0x0000000784d80000,0x0000000784d80000,0x0000000785500000)
 ParOldGen       total 128512K, used 24K [0x0000000705a00000, 0x000000070d780000, 0x0000000781e00000)
  object space 128512K, 0% used [0x0000000705a00000,0x0000000705a06000,0x000000070d780000)
 Metaspace       used 15637K, capacity 16374K, committed 16640K, reserved 1062912K
  class space    used 2318K, capacity 2535K, committed 2560K, reserved 1048576K
}
Event: 10,209 GC heap before
{Heap before GC invocations=3 (full 0):
 PSYoungGen      total 56320K, used 53272K [0x0000000781e00000, 0x0000000788c00000, 0x00000007c0000000)
  eden space 48640K, 98% used [0x0000000781e00000,0x0000000784cbf1c0,0x0000000784d80000)
  from space 7680K, 70% used [0x0000000785500000,0x0000000785a46e88,0x0000000785c80000)
  to   space 7680K, 0% used [0x0000000784d80000,0x0000000784d80000,0x0000000785500000)
 ParOldGen       total 128512K, used 24K [0x0000000705a00000, 0x000000070d780000, 0x0000000781e00000)
  object space 128512K, 0% used [0x0000000705a00000,0x0000000705a06000,0x000000070d780000)
 Metaspace       used 17188K, capacity 18056K, committed 18176K, reserved 1064960K
  class space    used 2552K, capacity 2790K, committed 2816K, reserved 1048576K
Event: 10,217 GC heap after
Heap after GC invocations=3 (full 0):
 PSYoungGen      total 56320K, used 6045K [0x0000000781e00000, 0x0000000788c00000, 0x00000007c0000000)
  eden space 48640K, 0% used [0x0000000781e00000,0x0000000781e00000,0x0000000784d80000)
  from space 7680K, 78% used [0x0000000784d80000,0x0000000785367678,0x0000000785500000)
  to   space 7680K, 0% used [0x0000000788480000,0x0000000788480000,0x0000000788c00000)
 ParOldGen       total 128512K, used 32K [0x0000000705a00000, 0x000000070d780000, 0x0000000781e00000)
  object space 128512K, 0% used [0x0000000705a00000,0x0000000705a08000,0x000000070d780000)
 Metaspace       used 17188K, capacity 18056K, committed 18176K, reserved 1064960K
  class space    used 2552K, capacity 2790K, committed 2816K, reserved 1048576K
}
Event: 10,229 GC heap before
{Heap before GC invocations=4 (full 0):
 PSYoungGen      total 56320K, used 48852K [0x0000000781e00000, 0x0000000788c00000, 0x00000007c0000000)
  eden space 48640K, 88% used [0x0000000781e00000,0x00000007847cda48,0x0000000784d80000)
  from space 7680K, 78% used [0x0000000784d80000,0x0000000785367678,0x0000000785500000)
  to   space 7680K, 0% used [0x0000000788480000,0x0000000788480000,0x0000000788c00000)
 ParOldGen       total 128512K, used 32K [0x0000000705a00000, 0x000000070d780000, 0x0000000781e00000)
  object space 128512K, 0% used [0x0000000705a00000,0x0000000705a08000,0x000000070d780000)
 Metaspace       used 17189K, capacity 18056K, committed 18176K, reserved 1064960K
  class space    used 2552K, capacity 2790K, committed 2816K, reserved 1048576K
Event: 10,245 GC heap after
Heap after GC invocations=4 (full 0):
 PSYoungGen      total 104960K, used 5789K [0x0000000781e00000, 0x0000000788c00000, 0x00000007c0000000)
  eden space 97280K, 0% used [0x0000000781e00000,0x0000000781e00000,0x0000000787d00000)
  from space 7680K, 75% used [0x0000000788480000,0x0000000788a27678,0x0000000788c00000)
  to   space 7680K, 0% used [0x0000000787d00000,0x0000000787d00000,0x0000000788480000)
 ParOldGen       total 128512K, used 40K [0x0000000705a00000, 0x000000070d780000, 0x0000000781e00000)
  object space 128512K, 0% used [0x0000000705a00000,0x0000000705a0a000,0x000000070d780000)
 Metaspace       used 17189K, capacity 18056K, committed 18176K, reserved 1064960K
  class space    used 2552K, capacity 2790K, committed 2816K, reserved 1048576K
}

